<?xml version="1.0" encoding="UTF-8"?>
<testng-results ignored="0" total="1" passed="1" failed="0" skipped="0">
  <reporter-output>
  </reporter-output>
  <suite started-at="2023-10-04T14:44:38 CDT" name="Suite" finished-at="2023-10-04T14:44:43 CDT" duration-ms="5013">
    <groups>
    </groups>
    <test started-at="2023-10-04T14:44:38 CDT" name="Test" finished-at="2023-10-04T14:44:43 CDT" duration-ms="5013">
      <class name="GitJenkinsDemo.GitJenkinsDemo.ValidateGoogleHomePage">
        <test-method is-config="true" signature="setup()[pri:0, instance:GitJenkinsDemo.GitJenkinsDemo.ValidateGoogleHomePage@4763c727]" started-at="2023-10-04T14:44:38 CDT" name="setup" finished-at="2023-10-04T14:44:41 CDT" duration-ms="2926" status="PASS">
          <reporter-output>
          </reporter-output>
        </test-method> <!-- setup -->
        <test-method signature="validateHomePage()[pri:0, instance:GitJenkinsDemo.GitJenkinsDemo.ValidateGoogleHomePage@4763c727]" started-at="2023-10-04T14:44:41 CDT" name="validateHomePage" finished-at="2023-10-04T14:44:43 CDT" duration-ms="1819" status="PASS">
          <reporter-output>
          </reporter-output>
        </test-method> <!-- validateHomePage -->
        <test-method is-config="true" signature="teardown()[pri:0, instance:GitJenkinsDemo.GitJenkinsDemo.ValidateGoogleHomePage@4763c727]" started-at="2023-10-04T14:44:43 CDT" name="teardown" finished-at="2023-10-04T14:44:43 CDT" duration-ms="172" status="PASS">
          <reporter-output>
          </reporter-output>
        </test-method> <!-- teardown -->
      </class> <!-- GitJenkinsDemo.GitJenkinsDemo.ValidateGoogleHomePage -->
    </test> <!-- Test -->
  </suite> <!-- Suite -->
</testng-results>
